<?xml version="1.0" encoding="UTF-8"?>
<!-- Generated by org.testng.reporters.JUnitXMLReporter -->
<testsuite hostname="SIT-PC" name="Test" tests="3" failures="0" timestamp="2 Jun 2019 11:49:55 GMT" time="148.66" errors="0">
  <testcase name="addPersonTest" time="12.773" classname="com.crm.testcases.PeoplePageTest"/>
  <testcase name="addCaseTest" time="12.213" classname="com.crm.testcases.CasePageTest"/>
  <testcase name="accountsPageValidation" time="49.182" classname="com.crm.testcases.AccountsPageTest"/>
</testsuite> <!-- Test -->
