<?xml version="1.0" encoding="UTF-8"?>
<testng-results skipped="0" failed="0" total="3" passed="3">
  <reporter-output>
  </reporter-output>
  <suite name="Suite" duration-ms="148660" started-at="2019-06-02T11:47:26Z" finished-at="2019-06-02T11:49:55Z">
    <groups>
    </groups>
    <test name="Test" duration-ms="148660" started-at="2019-06-02T11:47:26Z" finished-at="2019-06-02T11:49:55Z">
      <class name="com.crm.testcases.AccountsPageTest">
        <test-method status="PASS" signature="setup()[pri:0, instance:com.crm.testcases.AccountsPageTest@6767c1fc]" name="setup" is-config="true" duration-ms="24906" started-at="2019-06-02T17:18:40Z" finished-at="2019-06-02T17:19:05Z">
          <reporter-output>
          </reporter-output>
        </test-method> <!-- setup -->
        <test-method status="PASS" signature="accountsPageValidation()[pri:0, instance:com.crm.testcases.AccountsPageTest@6767c1fc]" name="accountsPageValidation" duration-ms="49182" started-at="2019-06-02T17:19:05Z" finished-at="2019-06-02T17:19:54Z">
          <reporter-output>
          </reporter-output>
        </test-method> <!-- accountsPageValidation -->
        <test-method status="PASS" signature="teardown()[pri:0, instance:com.crm.testcases.AccountsPageTest@6767c1fc]" name="teardown" is-config="true" duration-ms="988" started-at="2019-06-02T17:19:54Z" finished-at="2019-06-02T17:19:55Z">
          <reporter-output>
          </reporter-output>
        </test-method> <!-- teardown -->
      </class> <!-- com.crm.testcases.AccountsPageTest -->
      <class name="com.crm.testcases.CasePageTest">
        <test-method status="PASS" signature="setup()[pri:0, instance:com.crm.testcases.CasePageTest@46d56d67]" name="setup" is-config="true" duration-ms="22121" started-at="2019-06-02T17:18:05Z" finished-at="2019-06-02T17:18:27Z">
          <reporter-output>
          </reporter-output>
        </test-method> <!-- setup -->
        <test-method status="PASS" signature="addCaseTest(java.lang.String, java.lang.String, java.lang.String, java.lang.String, java.lang.String, java.lang.String, java.lang.String, java.lang.String, java.lang.String, java.lang.String, java.lang.String)[pri:0, instance:com.crm.testcases.CasePageTest@46d56d67]" name="addCaseTest" duration-ms="12213" started-at="2019-06-02T17:18:27Z" data-provider="getPeopleData" finished-at="2019-06-02T17:18:39Z">
          <params>
            <param index="0">
              <value>
                <![CDATA[Mr]]>
              </value>
            </param>
            <param index="1">
              <value>
                <![CDATA[AAA]]>
              </value>
            </param>
            <param index="2">
              <value>
                <![CDATA[BBB]]>
              </value>
            </param>
            <param index="3">
              <value>
                <![CDATA[Test Analyst]]>
              </value>
            </param>
            <param index="4">
              <value>
                <![CDATA[Nomura]]>
              </value>
            </param>
            <param index="5">
              <value>
                <![CDATA[car]]>
              </value>
            </param>
            <param index="6">
              <value>
                <![CDATA[4165265566]]>
              </value>
            </param>
            <param index="7">
              <value>
                <![CDATA[aaa@gmail.com]]>
              </value>
            </param>
            <param index="8">
              <value>
                <![CDATA[Case1]]>
              </value>
            </param>
            <param index="9">
              <value>
                <![CDATA[car lost car]]>
              </value>
            </param>
            <param index="10">
              <value>
                <![CDATA[car]]>
              </value>
            </param>
          </params>
          <reporter-output>
          </reporter-output>
        </test-method> <!-- addCaseTest -->
        <test-method status="PASS" signature="teardown()[pri:0, instance:com.crm.testcases.CasePageTest@46d56d67]" name="teardown" is-config="true" duration-ms="849" started-at="2019-06-02T17:18:39Z" finished-at="2019-06-02T17:18:40Z">
          <reporter-output>
          </reporter-output>
        </test-method> <!-- teardown -->
      </class> <!-- com.crm.testcases.CasePageTest -->
      <class name="com.crm.testcases.PeoplePageTest">
        <test-method status="PASS" signature="setup()[pri:0, instance:com.crm.testcases.PeoplePageTest@14acaea5]" name="setup" is-config="true" duration-ms="23016" started-at="2019-06-02T17:17:28Z" finished-at="2019-06-02T17:17:51Z">
          <reporter-output>
          </reporter-output>
        </test-method> <!-- setup -->
        <test-method status="PASS" signature="addPersonTest(java.lang.String, java.lang.String, java.lang.String, java.lang.String, java.lang.String, java.lang.String, java.lang.String, java.lang.String, java.lang.String, java.lang.String, java.lang.String)[pri:0, instance:com.crm.testcases.PeoplePageTest@14acaea5]" name="addPersonTest" duration-ms="12773" started-at="2019-06-02T17:17:51Z" data-provider="getPeopleData" finished-at="2019-06-02T17:18:04Z">
          <params>
            <param index="0">
              <value>
                <![CDATA[Mr]]>
              </value>
            </param>
            <param index="1">
              <value>
                <![CDATA[AAA]]>
              </value>
            </param>
            <param index="2">
              <value>
                <![CDATA[BBB]]>
              </value>
            </param>
            <param index="3">
              <value>
                <![CDATA[Test Analyst]]>
              </value>
            </param>
            <param index="4">
              <value>
                <![CDATA[Nomura]]>
              </value>
            </param>
            <param index="5">
              <value>
                <![CDATA[car]]>
              </value>
            </param>
            <param index="6">
              <value>
                <![CDATA[4165265566]]>
              </value>
            </param>
            <param index="7">
              <value>
                <![CDATA[aaa@gmail.com]]>
              </value>
            </param>
            <param index="8">
              <value>
                <![CDATA[Case1]]>
              </value>
            </param>
            <param index="9">
              <value>
                <![CDATA[car lost car]]>
              </value>
            </param>
            <param index="10">
              <value>
                <![CDATA[car]]>
              </value>
            </param>
          </params>
          <reporter-output>
          </reporter-output>
        </test-method> <!-- addPersonTest -->
        <test-method status="PASS" signature="teardown()[pri:0, instance:com.crm.testcases.PeoplePageTest@14acaea5]" name="teardown" is-config="true" duration-ms="931" started-at="2019-06-02T17:18:04Z" finished-at="2019-06-02T17:18:05Z">
          <reporter-output>
          </reporter-output>
        </test-method> <!-- teardown -->
      </class> <!-- com.crm.testcases.PeoplePageTest -->
    </test> <!-- Test -->
  </suite> <!-- Suite -->
</testng-results>
